My screenname is : hiteshagrawal81

@hiteshagrawal81 Twitter Feed:
Tweet is: @DRMJodhpurNWR @RailMinIndia @drmmumbaicr @sureshpprabhu https://t.co/8sNVst6aMx -- Any update on this  , still no reply
Tweet is: @DRMJodhpurNWR @RailMinIndia @drmmumbaicr PNR:2413208434 CKWL/23 confirmed in HO quota but CKWL9/10 PNR:2757985160 not cnf
Tweet is: @RailMinIndia @DRMJodhpurNWR @drmmumbaicr Any Updates.... https://t.co/X5DEy5Pa6W
Tweet is: @sureshpprabhu @RailMinIndia can you help -- https://t.co/uChaI3fUgC
Tweet is: Check my tweets , looks like a nexus in railway ticket booking.... https://t.co/54T9SsEpFy
Tweet is: @ndtv @timesofindia agent nexus in railway tkt bking PNR:2413208434 CKWL/23 confirmed in HO quota but CKWL9/10 PNR:2757985160 not cnf
Tweet is: @sureshpprabhu @RailMinIndia can you look into this railway agent/corrpt staff nexus, was application submitted to DRM for HQ allocation
Tweet is: @sureshpprabhu @RailMinIndia due to this my wife and 7 yrs old daughter couldnt travel , last ticket status after chrt preparation CKWL1/2
Tweet is: @sureshpprabhu @RailMinIndia agent nexus in ticket booking PNR:2413208434 CKWL/23 confirmed in HO quota but CKWL9/10 PNR:2757985160 not cnf
Tweet is: Train No:12479  journey dt:22/12/2015 , @DRMJaipur @sureshpprabhu @RailMinIndia , ticket bked by agt in mumbai conf. in HQ quota misused
Tweet is: @sureshpprabhu @RailMinIndia can you look into this railway agent/corrpt staff nexus, was application submitted to DRM for HQ allocation
Tweet is: @sureshpprabhu @RailMinIndia due to this my wife and 7 yrs old daughter couldnt travel , last ticket status after chrt preparation CKWL1/2
Tweet is: @sureshpprabhu @RailMinIndia agent nexus in ticket booking PNR:2413208434 CKWL/23 confirmed in HO quota but CKWL9/10 PNR:2757985160 not cnf
The available number of calls left: 171

Posting your tweet: This is a new tweet containing keyword python
Successfully posted your tweet: This is a new tweet containing keyword python

Posting your tweet: This is a new tweet containing keyword python2
Successfully posted your tweet: This is a new tweet containing keyword python2

Trying to find the tweet containing text: python

Found the tweet containing text: python
The tweet text is : This is a new tweet containing keyword python2
Deleting tweet: This is a new tweet containing keyword python2

Found the tweet containing text: python
The tweet text is : This is a new tweet containing keyword python
Deleting tweet: This is a new tweet containing keyword python

@hiteshagrawal81 Twitter Feed:
Tweet is: @DRMJodhpurNWR @RailMinIndia @drmmumbaicr @sureshpprabhu https://t.co/8sNVst6aMx -- Any update on this  , still no reply
Tweet is: @DRMJodhpurNWR @RailMinIndia @drmmumbaicr PNR:2413208434 CKWL/23 confirmed in HO quota but CKWL9/10 PNR:2757985160 not cnf
Tweet is: @RailMinIndia @DRMJodhpurNWR @drmmumbaicr Any Updates.... https://t.co/X5DEy5Pa6W
Tweet is: @sureshpprabhu @RailMinIndia can you help -- https://t.co/uChaI3fUgC
Tweet is: Check my tweets , looks like a nexus in railway ticket booking.... https://t.co/54T9SsEpFy
Tweet is: @ndtv @timesofindia agent nexus in railway tkt bking PNR:2413208434 CKWL/23 confirmed in HO quota but CKWL9/10 PNR:2757985160 not cnf
Tweet is: @sureshpprabhu @RailMinIndia can you look into this railway agent/corrpt staff nexus, was application submitted to DRM for HQ allocation
Tweet is: @sureshpprabhu @RailMinIndia due to this my wife and 7 yrs old daughter couldnt travel , last ticket status after chrt preparation CKWL1/2
Tweet is: @sureshpprabhu @RailMinIndia agent nexus in ticket booking PNR:2413208434 CKWL/23 confirmed in HO quota but CKWL9/10 PNR:2757985160 not cnf
Tweet is: Train No:12479  journey dt:22/12/2015 , @DRMJaipur @sureshpprabhu @RailMinIndia , ticket bked by agt in mumbai conf. in HQ quota misused
Tweet is: @sureshpprabhu @RailMinIndia can you look into this railway agent/corrpt staff nexus, was application submitted to DRM for HQ allocation
Tweet is: @sureshpprabhu @RailMinIndia due to this my wife and 7 yrs old daughter couldnt travel , last ticket status after chrt preparation CKWL1/2
Tweet is: @sureshpprabhu @RailMinIndia agent nexus in ticket booking PNR:2413208434 CKWL/23 confirmed in HO quota but CKWL9/10 PNR:2757985160 not cnf
The available number of calls left: 168
My screenname is : hitesh_oagrawal

@hitesh_oagrawal Twitter Feed:
Tweet is: This is posting as naresh
Tweet is: This is my second tweet.
Tweet is: This is my first tweet.
The available number of calls left: 176

Posting your tweet: This is posting as naresh
Error in posting your tweet,below is the error
{"errors":[{"code":187,"message":"Status is a duplicate."}]}

@hitesh_oagrawal Twitter Feed:
Tweet is: This is posting as naresh
Tweet is: This is my second tweet.
Tweet is: This is my first tweet.
The available number of calls left: 176

Trying to find the tweet containing text: tweet

Found the tweet containing text: tweet
The tweet text is : This is my second tweet.
Deleting tweet: This is my second tweet.

Found the tweet containing text: tweet
The tweet text is : This is my first tweet.
Deleting tweet: This is my first tweet.

@hiteshagrawal81 Twitter Feed:
Tweet is: @DRMJodhpurNWR @RailMinIndia @drmmumbaicr @sureshpprabhu https://t.co/8sNVst6aMx -- Any update on this  , still no reply
Tweet is: @DRMJodhpurNWR @RailMinIndia @drmmumbaicr PNR:2413208434 CKWL/23 confirmed in HO quota but CKWL9/10 PNR:2757985160 not cnf
Tweet is: @RailMinIndia @DRMJodhpurNWR @drmmumbaicr Any Updates.... https://t.co/X5DEy5Pa6W
Tweet is: @sureshpprabhu @RailMinIndia can you help -- https://t.co/uChaI3fUgC
Tweet is: Check my tweets , looks like a nexus in railway ticket booking.... https://t.co/54T9SsEpFy
Tweet is: @ndtv @timesofindia agent nexus in railway tkt bking PNR:2413208434 CKWL/23 confirmed in HO quota but CKWL9/10 PNR:2757985160 not cnf
Tweet is: @sureshpprabhu @RailMinIndia can you look into this railway agent/corrpt staff nexus, was application submitted to DRM for HQ allocation
Tweet is: @sureshpprabhu @RailMinIndia due to this my wife and 7 yrs old daughter couldnt travel , last ticket status after chrt preparation CKWL1/2
Tweet is: @sureshpprabhu @RailMinIndia agent nexus in ticket booking PNR:2413208434 CKWL/23 confirmed in HO quota but CKWL9/10 PNR:2757985160 not cnf
Tweet is: Train No:12479  journey dt:22/12/2015 , @DRMJaipur @sureshpprabhu @RailMinIndia , ticket bked by agt in mumbai conf. in HQ quota misused
Tweet is: @sureshpprabhu @RailMinIndia can you look into this railway agent/corrpt staff nexus, was application submitted to DRM for HQ allocation
Tweet is: @sureshpprabhu @RailMinIndia due to this my wife and 7 yrs old daughter couldnt travel , last ticket status after chrt preparation CKWL1/2
Tweet is: @sureshpprabhu @RailMinIndia agent nexus in ticket booking PNR:2413208434 CKWL/23 confirmed in HO quota but CKWL9/10 PNR:2757985160 not cnf
The available number of calls left: 168
